[0609/131047.124:ERROR:file_io.cc(89)] ReadExactly: expected 36, observed 0
[0609/145648.440:ERROR:process_memory_win.cc(73)] ReadMemory at 0x7ff7d1150000 of 64 bytes failed: Only part of a ReadProcessMemory or WriteProcessMemory request was completed. (0x12B)
[0609/145648.440:WARNING:pe_image_reader.cc(340)] could not read dos header from C:\Program Files (x86)\Google\Chrome\Application\chrome.exe
[0609/145648.440:ERROR:process_memory_win.cc(73)] ReadMemory at 0x7ff809250000 of 64 bytes failed: Only part of a ReadProcessMemory or WriteProcessMemory request was completed. (0x12B)
[0609/145648.440:WARNING:pe_image_reader.cc(340)] could not read dos header from C:\Windows\SYSTEM32\ntdll.dll
[0609/145648.440:ERROR:process_memory_win.cc(73)] ReadMemory at 0x7ff806ea0000 of 64 bytes failed: Only part of a ReadProcessMemory or WriteProcessMemory request was completed. (0x12B)
[0609/145648.440:WARNING:pe_image_reader.cc(340)] could not read dos header from C:\Windows\system32\KERNEL32.DLL
[0609/145648.440:ERROR:process_memory_win.cc(73)] ReadMemory at 0x7ff806770000 of 64 bytes failed: Only part of a ReadProcessMemory or WriteProcessMemory request was completed. (0x12B)
[0609/145648.440:WARNING:pe_image_reader.cc(340)] could not read dos header from C:\Windows\system32\KERNELBASE.dll
[0609/145648.440:ERROR:process_memory_win.cc(73)] ReadMemory at 0x7fffe6fb0000 of 64 bytes failed: Only part of a ReadProcessMemory or WriteProcessMemory request was completed. (0x12B)
[0609/145648.441:WARNING:pe_image_reader.cc(340)] could not read dos header from C:\Program Files (x86)\Google\Chrome\Application\83.0.4103.97\chrome_elf.dll
[0609/145648.441:ERROR:process_memory_win.cc(73)] ReadMemory at 0x7ffffdf20000 of 64 bytes failed: Only part of a ReadProcessMemory or WriteProcessMemory request was completed. (0x12B)
[0609/145648.441:WARNING:pe_image_reader.cc(340)] could not read dos header from C:\Windows\SYSTEM32\VERSION.dll
[0609/145648.441:ERROR:process_memory_win.cc(73)] ReadMemory at 0x7ff806c70000 of 64 bytes failed: Only part of a ReadProcessMemory or WriteProcessMemory request was completed. (0x12B)
[0609/145648.441:WARNING:pe_image_reader.cc(340)] could not read dos header from C:\Windows\system32\msvcrt.dll
[0609/145648.441:ERROR:process_memory_win.cc(73)] ReadMemory at 0x7ff808680000 of 64 bytes failed: Only part of a ReadProcessMemory or WriteProcessMemory request was completed. (0x12B)
[0609/145648.441:WARNING:pe_image_reader.cc(340)] could not read dos header from C:\Windows\system32\ADVAPI32.dll
[0609/145648.441:ERROR:process_memory_win.cc(73)] ReadMemory at 0x7ff808af0000 of 64 bytes failed: Only part of a ReadProcessMemory or WriteProcessMemory request was completed. (0x12B)
[0609/145648.441:WARNING:pe_image_reader.cc(340)] could not read dos header from C:\Windows\SYSTEM32\sechost.dll
[0609/145648.441:ERROR:process_memory_win.cc(73)] ReadMemory at 0x7ff808e00000 of 64 bytes failed: Only part of a ReadProcessMemory or WriteProcessMemory request was completed. (0x12B)
[0609/145648.441:WARNING:pe_image_reader.cc(340)] could not read dos header from C:\Windows\system32\RPCRT4.dll
[0609/145648.441:ERROR:process_memory_win.cc(73)] ReadMemory at 0x7fffbeba0000 of 64 bytes failed: Only part of a ReadProcessMemory or WriteProcessMemory request was completed. (0x12B)
[0609/145648.441:WARNING:pe_image_reader.cc(340)] could not read dos header from C:\Program Files (x86)\Google\Chrome\Application\83.0.4103.97\chrome.dll
[0609/145648.441:ERROR:process_memory_win.cc(73)] ReadMemory at 0x7ff808a90000 of 64 bytes failed: Only part of a ReadProcessMemory or WriteProcessMemory request was completed. (0x12B)
[0609/145648.441:WARNING:pe_image_reader.cc(340)] could not read dos header from C:\Windows\system32\WS2_32.dll
[0609/145648.441:ERROR:process_memory_win.cc(73)] ReadMemory at 0x7ff803bf0000 of 64 bytes failed: Only part of a ReadProcessMemory or WriteProcessMemory request was completed. (0x12B)
[0609/145648.441:WARNING:pe_image_reader.cc(340)] could not read dos header from C:\Windows\SYSTEM32\IPHLPAPI.DLL
[0609/145648.441:ERROR:process_memory_win.cc(73)] ReadMemory at 0x7ff808b50000 of 64 bytes failed: Only part of a ReadProcessMemory or WriteProcessMemory request was completed. (0x12B)
[0609/145648.441:WARNING:pe_image_reader.cc(340)] could not read dos header from C:\Windows\system32\OLEAUT32.dll
[0609/145648.441:ERROR:process_memory_win.cc(73)] ReadMemory at 0x7ffffed70000 of 64 bytes failed: Only part of a ReadProcessMemory or WriteProcessMemory request was completed. (0x12B)
[0609/145648.441:WARNING:pe_image_reader.cc(340)] could not read dos header from C:\Windows\SYSTEM32\WINMM.dll
[0609/145648.441:ERROR:process_memory_win.cc(73)] ReadMemory at 0x7ff8040a0000 of 64 bytes failed: Only part of a ReadProcessMemory or WriteProcessMemory request was completed. (0x12B)
[0609/145648.441:WARNING:pe_image_reader.cc(340)] could not read dos header from C:\Windows\SYSTEM32\Secur32.dll
[0609/145648.441:ERROR:process_memory_win.cc(73)] ReadMemory at 0x7ff805b90000 of 64 bytes failed: Only part of a ReadProcessMemory or WriteProcessMemory request was completed. (0x12B)
[0609/145648.441:WARNING:pe_image_reader.cc(340)] could not read dos header from C:\Windows\SYSTEM32\USERENV.dll
[0609/145648.441:ERROR:process_memory_win.cc(73)] ReadMemory at 0x7ff806880000 of 64 bytes failed: Only part of a ReadProcessMemory or WriteProcessMemory request was completed. (0x12B)
[0609/145648.441:WARNING:pe_image_reader.cc(340)] could not read dos header from C:\Windows\system32\WINTRUST.dll
[0609/145648.441:ERROR:process_memory_win.cc(73)] ReadMemory at 0x7ff800cf0000 of 64 bytes failed: Only part of a ReadProcessMemory or WriteProcessMemory request was completed. (0x12B)
[0609/145648.441:WARNING:pe_image_reader.cc(340)] could not read dos header from C:\Windows\SYSTEM32\UIAutomationCore.DLL
[0609/145648.441:ERROR:process_memory_win.cc(73)] ReadMemory at 0x7ff8068d0000 of 64 bytes failed: Only part of a ReadProcessMemory or WriteProcessMemory request was completed. (0x12B)
[0609/145648.441:WARNING:pe_image_reader.cc(340)] could not read dos header from C:\Windows\system32\CRYPT32.dll
[0609/145648.441:ERROR:process_memory_win.cc(73)] ReadMemory at 0x7ff801760000 of 64 bytes failed: Only part of a ReadProcessMemory or WriteProcessMemory request was completed. (0x12B)
[0609/145648.441:WARNING:pe_image_reader.cc(340)] could not read dos header from C:\Windows\SYSTEM32\DWrite.dll
[0609/145648.442:ERROR:process_memory_win.cc(73)] ReadMemory at 0x7ffffef60000 of 64 bytes failed: Only part of a ReadProcessMemory or WriteProcessMemory request was completed. (0x12B)
[0609/145648.442:WARNING:pe_image_reader.cc(340)] could not read dos header from C:\Windows\SYSTEM32\WINSPOOL.DRV
[0609/145648.442:ERROR:process_memory_win.cc(73)] ReadMemory at 0x7ffff37f0000 of 64 bytes failed: Only part of a ReadProcessMemory or WriteProcessMemory request was completed. (0x12B)
[0609/145648.442:WARNING:pe_image_reader.cc(340)] could not read dos header from C:\Windows\SYSTEM32\dbghelp.dll
[0609/145648.442:ERROR:process_memory_win.cc(73)] ReadMemory at 0x7ffff9db0000 of 64 bytes failed: Only part of a ReadProcessMemory or WriteProcessMemory request was completed. (0x12B)
[0609/145648.442:WARNING:pe_image_reader.cc(340)] could not read dos header from C:\Windows\SYSTEM32\WINHTTP.dll
[0609/145648.442:ERROR:process_memory_win.cc(73)] ReadMemory at 0x7ff800710000 of 64 bytes failed: Only part of a ReadProcessMemory or WriteProcessMemory request was completed. (0x12B)
[0609/145648.442:WARNING:pe_image_reader.cc(340)] could not read dos header from C:\Windows\SYSTEM32\dhcpcsvc.DLL
[0609/145648.442:ERROR:process_memory_win.cc(73)] ReadMemory at 0x7ff808fb0000 of 64 bytes failed: Only part of a ReadProcessMemory or WriteProcessMemory request was completed. (0x12B)
[0609/145648.442:WARNING:pe_image_reader.cc(340)] could not read dos header from C:\Windows\system32\NSI.dll
[0609/145648.442:ERROR:process_memory_win.cc(73)] ReadMemory at 0x7ff803bd0000 of 64 bytes failed: Only part of a ReadProcessMemory or WriteProcessMemory request was completed. (0x12B)
[0609/145648.442:WARNING:pe_image_reader.cc(340)] could not read dos header from C:\Windows\SYSTEM32\WINNSI.DLL
[0609/145648.442:ERROR:process_memory_win.cc(73)] ReadMemory at 0x7ff808730000 of 64 bytes failed: Only part of a ReadProcessMemory or WriteProcessMemory request was completed. (0x12B)
[0609/145648.442:WARNING:pe_image_reader.cc(340)] could not read dos header from C:\Windows\system32\combase.dll
[0609/145648.442:ERROR:process_memory_win.cc(73)] ReadMemory at 0x7ffffed40000 of 64 bytes failed: Only part of a ReadProcessMemory or WriteProcessMemory request was completed. (0x12B)
[0609/145648.442:WARNING:pe_image_reader.cc(340)] could not read dos header from C:\Windows\SYSTEM32\WINMMBASE.dll
[0609/145648.442:ERROR:process_memory_win.cc(73)] ReadMemory at 0x7ff808910000 of 64 bytes failed: Only part of a ReadProcessMemory or WriteProcessMemory request was completed. (0x12B)
[0609/145648.442:WARNING:pe_image_reader.cc(340)] could not read dos header from C:\Windows\system32\USER32.dll
[0609/145648.442:ERROR:process_memory_win.cc(73)] ReadMemory at 0x7ff8065a0000 of 64 bytes failed: Only part of a ReadProcessMemory or WriteProcessMemory request was completed. (0x12B)
[0609/145648.442:WARNING:pe_image_reader.cc(340)] could not read dos header from C:\Windows\SYSTEM32\profapi.dll
[0609/145648.442:ERROR:process_memory_win.cc(73)] ReadMemory at 0x7ff806650000 of 64 bytes failed: Only part of a ReadProcessMemory or WriteProcessMemory request was completed. (0x12B)
[0609/145648.442:WARNING:pe_image_reader.cc(340)] could not read dos header from C:\Windows\system32\MSASN1.dll
[0609/145648.442:ERROR:process_memory_win.cc(73)] ReadMemory at 0x7ff806720000 of 64 bytes failed: Only part of a ReadProcessMemory or WriteProcessMemory request was completed. (0x12B)
[0609/145648.442:WARNING:pe_image_reader.cc(340)] could not read dos header from C:\Windows\SYSTEM32\cfgmgr32.dll
[0609/145648.442:ERROR:process_memory_win.cc(73)] ReadMemory at 0x7ff805400000 of 64 bytes failed: Only part of a ReadProcessMemory or WriteProcessMemory request was completed. (0x12B)
[0609/145648.442:WARNING:pe_image_reader.cc(340)] could not read dos header from C:\Windows\SYSTEM32\DEVOBJ.dll
[0609/145648.442:ERROR:process_memory_win.cc(73)] ReadMemory at 0x7ff809100000 of 64 bytes failed: Only part of a ReadProcessMemory or WriteProcessMemory request was completed. (0x12B)
[0609/145648.442:WARNING:pe_image_reader.cc(340)] could not read dos header from C:\Windows\system32\GDI32.dll
[0609/145648.442:ERROR:process_memory_win.cc(73)] ReadMemory at 0x7ff8063d0000 of 64 bytes failed: Only part of a ReadProcessMemory or WriteProcessMemory request was completed. (0x12B)
[0609/145648.442:WARNING:pe_image_reader.cc(340)] could not read dos header from C:\Windows\SYSTEM32\SSPICLI.DLL
[0609/145648.442:ERROR:process_memory_win.cc(73)] ReadMemory at 0x7ff806b70000 of 64 bytes failed: Only part of a ReadProcessMemory or WriteProcessMemory request was completed. (0x12B)
[0609/145648.443:WARNING:pe_image_reader.cc(340)] could not read dos header from C:\Windows\system32\IMM32.DLL
[0609/145648.443:ERROR:process_memory_win.cc(73)] ReadMemory at 0x7ff808fc0000 of 64 bytes failed: Only part of a ReadProcessMemory or WriteProcessMemory request was completed. (0x12B)
[0609/145648.443:WARNING:pe_image_reader.cc(340)] could not read dos header from C:\Windows\system32\MSCTF.dll
[0609/145648.443:ERROR:process_memory_win.cc(73)] ReadMemory at 0x7ff807040000 of 64 bytes failed: Only part of a ReadProcessMemory or WriteProcessMemory request was completed. (0x12B)
[0609/145648.443:WARNING:pe_image_reader.cc(340)] could not read dos header from C:\Windows\system32\SHELL32.dll
[0609/145648.443:ERROR:process_memory_win.cc(73)] ReadMemory at 0x7ff808f40000 of 64 bytes failed: Only part of a ReadProcessMemory or WriteProcessMemory request was completed. (0x12B)
[0609/145648.443:WARNING:pe_image_reader.cc(340)] could not read dos header from C:\Windows\system32\SHLWAPI.dll
[0609/145648.443:ERROR:process_memory_win.cc(73)] ReadMemory at 0x7ff804f40000 of 64 bytes failed: Only part of a ReadProcessMemory or WriteProcessMemory request was completed. (0x12B)
[0609/145648.443:WARNING:pe_image_reader.cc(340)] could not read dos header from C:\Windows\SYSTEM32\SHCORE.dll
[0609/145648.443:ERROR:process_memory_win.cc(73)] ReadMemory at 0x7ff806470000 of 64 bytes failed: Only part of a ReadProcessMemory or WriteProcessMemory request was completed. (0x12B)
[0609/145648.443:WARNING:pe_image_reader.cc(340)] could not read dos header from C:\Windows\SYSTEM32\CRYPTBASE.DLL
[0609/145648.443:ERROR:process_memory_win.cc(73)] ReadMemory at 0x7ff806400000 of 64 bytes failed: Only part of a ReadProcessMemory or WriteProcessMemory request was completed. (0x12B)
[0609/145648.443:WARNING:pe_image_reader.cc(340)] could not read dos header from C:\Windows\SYSTEM32\bcryptPrimitives.dll
[0609/145648.452:ERROR:process_memory_win.cc(73)] ReadMemory at 0x7ff7d1150000 of 64 bytes failed: Only part of a ReadProcessMemory or WriteProcessMemory request was completed. (0x12B)
[0609/145648.452:WARNING:pe_image_reader.cc(340)] could not read dos header from C:\Program Files (x86)\Google\Chrome\Application\chrome.exe
[0609/145648.452:ERROR:process_memory_win.cc(73)] ReadMemory at 0x7ff809250000 of 64 bytes failed: Only part of a ReadProcessMemory or WriteProcessMemory request was completed. (0x12B)
[0609/145648.452:WARNING:pe_image_reader.cc(340)] could not read dos header from C:\Windows\SYSTEM32\ntdll.dll
[0609/145648.452:ERROR:process_memory_win.cc(73)] ReadMemory at 0x7ff806ea0000 of 64 bytes failed: Only part of a ReadProcessMemory or WriteProcessMemory request was completed. (0x12B)
[0609/145648.452:WARNING:pe_image_reader.cc(340)] could not read dos header from C:\Windows\system32\KERNEL32.DLL
[0609/145648.452:ERROR:process_memory_win.cc(73)] ReadMemory at 0x7ff806770000 of 64 bytes failed: Only part of a ReadProcessMemory or WriteProcessMemory request was completed. (0x12B)
[0609/145648.452:WARNING:pe_image_reader.cc(340)] could not read dos header from C:\Windows\system32\KERNELBASE.dll
[0609/145648.452:ERROR:process_memory_win.cc(73)] ReadMemory at 0x7fffe6fb0000 of 64 bytes failed: Only part of a ReadProcessMemory or WriteProcessMemory request was completed. (0x12B)
[0609/145648.452:WARNING:pe_image_reader.cc(340)] could not read dos header from C:\Program Files (x86)\Google\Chrome\Application\83.0.4103.97\chrome_elf.dll
[0609/145648.452:ERROR:process_memory_win.cc(73)] ReadMemory at 0x7ffffdf20000 of 64 bytes failed: Only part of a ReadProcessMemory or WriteProcessMemory request was completed. (0x12B)
[0609/145648.452:WARNING:pe_image_reader.cc(340)] could not read dos header from C:\Windows\SYSTEM32\VERSION.dll
[0609/145648.452:ERROR:process_memory_win.cc(73)] ReadMemory at 0x7ff806c70000 of 64 bytes failed: Only part of a ReadProcessMemory or WriteProcessMemory request was completed. (0x12B)
[0609/145648.452:WARNING:pe_image_reader.cc(340)] could not read dos header from C:\Windows\system32\msvcrt.dll
[0609/145648.452:ERROR:process_memory_win.cc(73)] ReadMemory at 0x7ff808680000 of 64 bytes failed: Only part of a ReadProcessMemory or WriteProcessMemory request was completed. (0x12B)
[0609/145648.452:WARNING:pe_image_reader.cc(340)] could not read dos header from C:\Windows\system32\ADVAPI32.dll
[0609/145648.452:ERROR:process_memory_win.cc(73)] ReadMemory at 0x7ff808af0000 of 64 bytes failed: Only part of a ReadProcessMemory or WriteProcessMemory request was completed. (0x12B)
[0609/145648.452:WARNING:pe_image_reader.cc(340)] could not read dos header from C:\Windows\SYSTEM32\sechost.dll
[0609/145648.452:ERROR:process_memory_win.cc(73)] ReadMemory at 0x7ff808e00000 of 64 bytes failed: Only part of a ReadProcessMemory or WriteProcessMemory request was completed. (0x12B)
[0609/145648.452:WARNING:pe_image_reader.cc(340)] could not read dos header from C:\Windows\system32\RPCRT4.dll
[0609/145648.452:ERROR:process_memory_win.cc(73)] ReadMemory at 0x7fffbeba0000 of 64 bytes failed: Only part of a ReadProcessMemory or WriteProcessMemory request was completed. (0x12B)
[0609/145648.452:WARNING:pe_image_reader.cc(340)] could not read dos header from C:\Program Files (x86)\Google\Chrome\Application\83.0.4103.97\chrome.dll
[0609/145648.452:ERROR:process_memory_win.cc(73)] ReadMemory at 0x7ff808a90000 of 64 bytes failed: Only part of a ReadProcessMemory or WriteProcessMemory request was completed. (0x12B)
[0609/145648.452:WARNING:pe_image_reader.cc(340)] could not read dos header from C:\Windows\system32\WS2_32.dll
[0609/145648.452:ERROR:process_memory_win.cc(73)] ReadMemory at 0x7ff803bf0000 of 64 bytes failed: Only part of a ReadProcessMemory or WriteProcessMemory request was completed. (0x12B)
[0609/145648.452:WARNING:pe_image_reader.cc(340)] could not read dos header from C:\Windows\SYSTEM32\IPHLPAPI.DLL
[0609/145648.452:ERROR:process_memory_win.cc(73)] ReadMemory at 0x7ff808b50000 of 64 bytes failed: Only part of a ReadProcessMemory or WriteProcessMemory request was completed. (0x12B)
[0609/145648.452:WARNING:pe_image_reader.cc(340)] could not read dos header from C:\Windows\system32\OLEAUT32.dll
[0609/145648.453:ERROR:process_memory_win.cc(73)] ReadMemory at 0x7ffffed70000 of 64 bytes failed: Only part of a ReadProcessMemory or WriteProcessMemory request was completed. (0x12B)
[0609/145648.453:WARNING:pe_image_reader.cc(340)] could not read dos header from C:\Windows\SYSTEM32\WINMM.dll
[0609/145648.453:ERROR:process_memory_win.cc(73)] ReadMemory at 0x7ff8040a0000 of 64 bytes failed: Only part of a ReadProcessMemory or WriteProcessMemory request was completed. (0x12B)
[0609/145648.453:WARNING:pe_image_reader.cc(340)] could not read dos header from C:\Windows\SYSTEM32\Secur32.dll
[0609/145648.453:ERROR:process_memory_win.cc(73)] ReadMemory at 0x7ff805b90000 of 64 bytes failed: Only part of a ReadProcessMemory or WriteProcessMemory request was completed. (0x12B)
[0609/145648.453:WARNING:pe_image_reader.cc(340)] could not read dos header from C:\Windows\SYSTEM32\USERENV.dll
[0609/145648.453:ERROR:process_memory_win.cc(73)] ReadMemory at 0x7ff806880000 of 64 bytes failed: Only part of a ReadProcessMemory or WriteProcessMemory request was completed. (0x12B)
[0609/145648.453:WARNING:pe_image_reader.cc(340)] could not read dos header from C:\Windows\system32\WINTRUST.dll
[0609/145648.453:ERROR:process_memory_win.cc(73)] ReadMemory at 0x7ff800cf0000 of 64 bytes failed: Only part of a ReadProcessMemory or WriteProcessMemory request was completed. (0x12B)
[0609/145648.453:WARNING:pe_image_reader.cc(340)] could not read dos header from C:\Windows\SYSTEM32\UIAutomationCore.DLL
[0609/145648.453:ERROR:process_memory_win.cc(73)] ReadMemory at 0x7ff8068d0000 of 64 bytes failed: Only part of a ReadProcessMemory or WriteProcessMemory request was completed. (0x12B)
[0609/145648.453:WARNING:pe_image_reader.cc(340)] could not read dos header from C:\Windows\system32\CRYPT32.dll
[0609/145648.453:ERROR:process_memory_win.cc(73)] ReadMemory at 0x7ff801760000 of 64 bytes failed: Only part of a ReadProcessMemory or WriteProcessMemory request was completed. (0x12B)
[0609/145648.453:WARNING:pe_image_reader.cc(340)] could not read dos header from C:\Windows\SYSTEM32\DWrite.dll
[0609/145648.453:ERROR:process_memory_win.cc(73)] ReadMemory at 0x7ffffef60000 of 64 bytes failed: Only part of a ReadProcessMemory or WriteProcessMemory request was completed. (0x12B)
[0609/145648.453:WARNING:pe_image_reader.cc(340)] could not read dos header from C:\Windows\SYSTEM32\WINSPOOL.DRV
[0609/145648.453:ERROR:process_memory_win.cc(73)] ReadMemory at 0x7ffff37f0000 of 64 bytes failed: Only part of a ReadProcessMemory or WriteProcessMemory request was completed. (0x12B)
[0609/145648.453:WARNING:pe_image_reader.cc(340)] could not read dos header from C:\Windows\SYSTEM32\dbghelp.dll
[0609/145648.453:ERROR:process_memory_win.cc(73)] ReadMemory at 0x7ffff9db0000 of 64 bytes failed: Only part of a ReadProcessMemory or WriteProcessMemory request was completed. (0x12B)
[0609/145648.453:WARNING:pe_image_reader.cc(340)] could not read dos header from C:\Windows\SYSTEM32\WINHTTP.dll
[0609/145648.453:ERROR:process_memory_win.cc(73)] ReadMemory at 0x7ff800710000 of 64 bytes failed: Only part of a ReadProcessMemory or WriteProcessMemory request was completed. (0x12B)
[0609/145648.453:WARNING:pe_image_reader.cc(340)] could not read dos header from C:\Windows\SYSTEM32\dhcpcsvc.DLL
[0609/145648.453:ERROR:process_memory_win.cc(73)] ReadMemory at 0x7ff808fb0000 of 64 bytes failed: Only part of a ReadProcessMemory or WriteProcessMemory request was completed. (0x12B)
[0609/145648.453:WARNING:pe_image_reader.cc(340)] could not read dos header from C:\Windows\system32\NSI.dll
[0609/145648.453:ERROR:process_memory_win.cc(73)] ReadMemory at 0x7ff803bd0000 of 64 bytes failed: Only part of a ReadProcessMemory or WriteProcessMemory request was completed. (0x12B)
[0609/145648.453:WARNING:pe_image_reader.cc(340)] could not read dos header from C:\Windows\SYSTEM32\WINNSI.DLL
[0609/145648.453:ERROR:process_memory_win.cc(73)] ReadMemory at 0x7ff808730000 of 64 bytes failed: Only part of a ReadProcessMemory or WriteProcessMemory request was completed. (0x12B)
[0609/145648.453:WARNING:pe_image_reader.cc(340)] could not read dos header from C:\Windows\system32\combase.dll
[0609/145648.454:ERROR:process_memory_win.cc(73)] ReadMemory at 0x7ffffed40000 of 64 bytes failed: Only part of a ReadProcessMemory or WriteProcessMemory request was completed. (0x12B)
[0609/145648.454:WARNING:pe_image_reader.cc(340)] could not read dos header from C:\Windows\SYSTEM32\WINMMBASE.dll
[0609/145648.454:ERROR:process_memory_win.cc(73)] ReadMemory at 0x7ff808910000 of 64 bytes failed: Only part of a ReadProcessMemory or WriteProcessMemory request was completed. (0x12B)
[0609/145648.454:WARNING:pe_image_reader.cc(340)] could not read dos header from C:\Windows\system32\USER32.dll
[0609/145648.454:ERROR:process_memory_win.cc(73)] ReadMemory at 0x7ff8065a0000 of 64 bytes failed: Only part of a ReadProcessMemory or WriteProcessMemory request was completed. (0x12B)
[0609/145648.454:WARNING:pe_image_reader.cc(340)] could not read dos header from C:\Windows\SYSTEM32\profapi.dll
[0609/145648.454:ERROR:process_memory_win.cc(73)] ReadMemory at 0x7ff806650000 of 64 bytes failed: Only part of a ReadProcessMemory or WriteProcessMemory request was completed. (0x12B)
[0609/145648.454:WARNING:pe_image_reader.cc(340)] could not read dos header from C:\Windows\system32\MSASN1.dll
[0609/145648.454:ERROR:process_memory_win.cc(73)] ReadMemory at 0x7ff806720000 of 64 bytes failed: Only part of a ReadProcessMemory or WriteProcessMemory request was completed. (0x12B)
[0609/145648.454:WARNING:pe_image_reader.cc(340)] could not read dos header from C:\Windows\SYSTEM32\cfgmgr32.dll
[0609/145648.454:ERROR:process_memory_win.cc(73)] ReadMemory at 0x7ff805400000 of 64 bytes failed: Only part of a ReadProcessMemory or WriteProcessMemory request was completed. (0x12B)
[0609/145648.454:WARNING:pe_image_reader.cc(340)] could not read dos header from C:\Windows\SYSTEM32\DEVOBJ.dll
[0609/145648.454:ERROR:process_memory_win.cc(73)] ReadMemory at 0x7ff809100000 of 64 bytes failed: Only part of a ReadProcessMemory or WriteProcessMemory request was completed. (0x12B)
[0609/145648.454:WARNING:pe_image_reader.cc(340)] could not read dos header from C:\Windows\system32\GDI32.dll
[0609/145648.454:ERROR:process_memory_win.cc(73)] ReadMemory at 0x7ff8063d0000 of 64 bytes failed: Only part of a ReadProcessMemory or WriteProcessMemory request was completed. (0x12B)
[0609/145648.454:WARNING:pe_image_reader.cc(340)] could not read dos header from C:\Windows\SYSTEM32\SSPICLI.DLL
[0609/145648.454:ERROR:process_memory_win.cc(73)] ReadMemory at 0x7ff806b70000 of 64 bytes failed: Only part of a ReadProcessMemory or WriteProcessMemory request was completed. (0x12B)
[0609/145648.454:WARNING:pe_image_reader.cc(340)] could not read dos header from C:\Windows\system32\IMM32.DLL
[0609/145648.454:ERROR:process_memory_win.cc(73)] ReadMemory at 0x7ff808fc0000 of 64 bytes failed: Only part of a ReadProcessMemory or WriteProcessMemory request was completed. (0x12B)
[0609/145648.454:WARNING:pe_image_reader.cc(340)] could not read dos header from C:\Windows\system32\MSCTF.dll
[0609/145648.454:ERROR:process_memory_win.cc(73)] ReadMemory at 0x7ff807040000 of 64 bytes failed: Only part of a ReadProcessMemory or WriteProcessMemory request was completed. (0x12B)
[0609/145648.454:WARNING:pe_image_reader.cc(340)] could not read dos header from C:\Windows\system32\SHELL32.dll
[0609/145648.454:ERROR:process_memory_win.cc(73)] ReadMemory at 0x7ff808f40000 of 64 bytes failed: Only part of a ReadProcessMemory or WriteProcessMemory request was completed. (0x12B)
[0609/145648.454:WARNING:pe_image_reader.cc(340)] could not read dos header from C:\Windows\system32\SHLWAPI.dll
[0609/145648.454:ERROR:process_memory_win.cc(73)] ReadMemory at 0x7ff804f40000 of 64 bytes failed: Only part of a ReadProcessMemory or WriteProcessMemory request was completed. (0x12B)
[0609/145648.454:WARNING:pe_image_reader.cc(340)] could not read dos header from C:\Windows\SYSTEM32\SHCORE.dll
[0609/145648.454:ERROR:process_memory_win.cc(73)] ReadMemory at 0x7ff806470000 of 64 bytes failed: Only part of a ReadProcessMemory or WriteProcessMemory request was completed. (0x12B)
[0609/145648.454:WARNING:pe_image_reader.cc(340)] could not read dos header from C:\Windows\SYSTEM32\CRYPTBASE.DLL
[0609/145648.454:ERROR:process_memory_win.cc(73)] ReadMemory at 0x7ff806400000 of 64 bytes failed: Only part of a ReadProcessMemory or WriteProcessMemory request was completed. (0x12B)
[0609/145648.454:WARNING:pe_image_reader.cc(340)] could not read dos header from C:\Windows\SYSTEM32\bcryptPrimitives.dll
[0609/145648.454:ERROR:process_memory_win.cc(73)] ReadMemory at 0x7ff7d1150000 of 64 bytes failed: Only part of a ReadProcessMemory or WriteProcessMemory request was completed. (0x12B)
[0609/145648.454:WARNING:pe_image_reader.cc(340)] could not read dos header from C:\Program Files (x86)\Google\Chrome\Application\chrome.exe
[0609/145648.454:ERROR:process_memory_win.cc(73)] ReadMemory at 0x7ff809250000 of 64 bytes failed: Only part of a ReadProcessMemory or WriteProcessMemory request was completed. (0x12B)
[0609/145648.454:WARNING:pe_image_reader.cc(340)] could not read dos header from C:\Windows\SYSTEM32\ntdll.dll
[0609/145648.455:ERROR:process_memory_win.cc(73)] ReadMemory at 0x7ff806ea0000 of 64 bytes failed: Only part of a ReadProcessMemory or WriteProcessMemory request was completed. (0x12B)
[0609/145648.455:WARNING:pe_image_reader.cc(340)] could not read dos header from C:\Windows\system32\KERNEL32.DLL
[0609/145648.455:ERROR:process_memory_win.cc(73)] ReadMemory at 0x7ff806770000 of 64 bytes failed: Only part of a ReadProcessMemory or WriteProcessMemory request was completed. (0x12B)
[0609/145648.455:WARNING:pe_image_reader.cc(340)] could not read dos header from C:\Windows\system32\KERNELBASE.dll
[0609/145648.455:ERROR:process_memory_win.cc(73)] ReadMemory at 0x7fffe6fb0000 of 64 bytes failed: Only part of a ReadProcessMemory or WriteProcessMemory request was completed. (0x12B)
[0609/145648.455:WARNING:pe_image_reader.cc(340)] could not read dos header from C:\Program Files (x86)\Google\Chrome\Application\83.0.4103.97\chrome_elf.dll
[0609/145648.455:ERROR:process_memory_win.cc(73)] ReadMemory at 0x7ffffdf20000 of 64 bytes failed: Only part of a ReadProcessMemory or WriteProcessMemory request was completed. (0x12B)
[0609/145648.455:WARNING:pe_image_reader.cc(340)] could not read dos header from C:\Windows\SYSTEM32\VERSION.dll
[0609/145648.455:ERROR:process_memory_win.cc(73)] ReadMemory at 0x7ff806c70000 of 64 bytes failed: Only part of a ReadProcessMemory or WriteProcessMemory request was completed. (0x12B)
[0609/145648.455:WARNING:pe_image_reader.cc(340)] could not read dos header from C:\Windows\system32\msvcrt.dll
[0609/145648.455:ERROR:process_memory_win.cc(73)] ReadMemory at 0x7ff808680000 of 64 bytes failed: Only part of a ReadProcessMemory or WriteProcessMemory request was completed. (0x12B)
[0609/145648.455:WARNING:pe_image_reader.cc(340)] could not read dos header from C:\Windows\system32\ADVAPI32.dll
[0609/145648.455:ERROR:process_memory_win.cc(73)] ReadMemory at 0x7ff808af0000 of 64 bytes failed: Only part of a ReadProcessMemory or WriteProcessMemory request was completed. (0x12B)
[0609/145648.455:WARNING:pe_image_reader.cc(340)] could not read dos header from C:\Windows\SYSTEM32\sechost.dll
[0609/145648.455:ERROR:process_memory_win.cc(73)] ReadMemory at 0x7ff808e00000 of 64 bytes failed: Only part of a ReadProcessMemory or WriteProcessMemory request was completed. (0x12B)
[0609/145648.455:WARNING:pe_image_reader.cc(340)] could not read dos header from C:\Windows\system32\RPCRT4.dll
[0609/145648.455:ERROR:process_memory_win.cc(73)] ReadMemory at 0x7fffbeba0000 of 64 bytes failed: Only part of a ReadProcessMemory or WriteProcessMemory request was completed. (0x12B)
[0609/145648.455:WARNING:pe_image_reader.cc(340)] could not read dos header from C:\Program Files (x86)\Google\Chrome\Application\83.0.4103.97\chrome.dll
[0609/145648.455:ERROR:process_memory_win.cc(73)] ReadMemory at 0x7ff808a90000 of 64 bytes failed: Only part of a ReadProcessMemory or WriteProcessMemory request was completed. (0x12B)
[0609/145648.455:WARNING:pe_image_reader.cc(340)] could not read dos header from C:\Windows\system32\WS2_32.dll
[0609/145648.455:ERROR:process_memory_win.cc(73)] ReadMemory at 0x7ff803bf0000 of 64 bytes failed: Only part of a ReadProcessMemory or WriteProcessMemory request was completed. (0x12B)
[0609/145648.455:WARNING:pe_image_reader.cc(340)] could not read dos header from C:\Windows\SYSTEM32\IPHLPAPI.DLL
[0609/145648.455:ERROR:process_memory_win.cc(73)] ReadMemory at 0x7ff808b50000 of 64 bytes failed: Only part of a ReadProcessMemory or WriteProcessMemory request was completed. (0x12B)
[0609/145648.455:WARNING:pe_image_reader.cc(340)] could not read dos header from C:\Windows\system32\OLEAUT32.dll
[0609/145648.455:ERROR:process_memory_win.cc(73)] ReadMemory at 0x7ffffed70000 of 64 bytes failed: Only part of a ReadProcessMemory or WriteProcessMemory request was completed. (0x12B)
[0609/145648.455:WARNING:pe_image_reader.cc(340)] could not read dos header from C:\Windows\SYSTEM32\WINMM.dll
[0609/145648.455:ERROR:process_memory_win.cc(73)] ReadMemory at 0x7ff8040a0000 of 64 bytes failed: Only part of a ReadProcessMemory or WriteProcessMemory request was completed. (0x12B)
[0609/145648.455:WARNING:pe_image_reader.cc(340)] could not read dos header from C:\Windows\SYSTEM32\Secur32.dll
[0609/145648.455:ERROR:process_memory_win.cc(73)] ReadMemory at 0x7ff805b90000 of 64 bytes failed: Only part of a ReadProcessMemory or WriteProcessMemory request was completed. (0x12B)
[0609/145648.455:WARNING:pe_image_reader.cc(340)] could not read dos header from C:\Windows\SYSTEM32\USERENV.dll
[0609/145648.455:ERROR:process_memory_win.cc(73)] ReadMemory at 0x7ff806880000 of 64 bytes failed: Only part of a ReadProcessMemory or WriteProcessMemory request was completed. (0x12B)
[0609/145648.455:WARNING:pe_image_reader.cc(340)] could not read dos header from C:\Windows\system32\WINTRUST.dll
[0609/145648.456:ERROR:process_memory_win.cc(73)] ReadMemory at 0x7ff800cf0000 of 64 bytes failed: Only part of a ReadProcessMemory or WriteProcessMemory request was completed. (0x12B)
[0609/145648.456:WARNING:pe_image_reader.cc(340)] could not read dos header from C:\Windows\SYSTEM32\UIAutomationCore.DLL
[0609/145648.456:ERROR:process_memory_win.cc(73)] ReadMemory at 0x7ff8068d0000 of 64 bytes failed: Only part of a ReadProcessMemory or WriteProcessMemory request was completed. (0x12B)
[0609/145648.456:WARNING:pe_image_reader.cc(340)] could not read dos header from C:\Windows\system32\CRYPT32.dll
[0609/145648.456:ERROR:process_memory_win.cc(73)] ReadMemory at 0x7ff801760000 of 64 bytes failed: Only part of a ReadProcessMemory or WriteProcessMemory request was completed. (0x12B)
[0609/145648.456:WARNING:pe_image_reader.cc(340)] could not read dos header from C:\Windows\SYSTEM32\DWrite.dll
[0609/145648.456:ERROR:process_memory_win.cc(73)] ReadMemory at 0x7ffffef60000 of 64 bytes failed: Only part of a ReadProcessMemory or WriteProcessMemory request was completed. (0x12B)
[0609/145648.456:WARNING:pe_image_reader.cc(340)] could not read dos header from C:\Windows\SYSTEM32\WINSPOOL.DRV
[0609/145648.456:ERROR:process_memory_win.cc(73)] ReadMemory at 0x7ffff37f0000 of 64 bytes failed: Only part of a ReadProcessMemory or WriteProcessMemory request was completed. (0x12B)
[0609/145648.456:WARNING:pe_image_reader.cc(340)] could not read dos header from C:\Windows\SYSTEM32\dbghelp.dll
[0609/145648.456:ERROR:process_memory_win.cc(73)] ReadMemory at 0x7ffff9db0000 of 64 bytes failed: Only part of a ReadProcessMemory or WriteProcessMemory request was completed. (0x12B)
[0609/145648.456:WARNING:pe_image_reader.cc(340)] could not read dos header from C:\Windows\SYSTEM32\WINHTTP.dll
[0609/145648.456:ERROR:process_memory_win.cc(73)] ReadMemory at 0x7ff800710000 of 64 bytes failed: Only part of a ReadProcessMemory or WriteProcessMemory request was completed. (0x12B)
[0609/145648.456:WARNING:pe_image_reader.cc(340)] could not read dos header from C:\Windows\SYSTEM32\dhcpcsvc.DLL
[0609/145648.456:ERROR:process_memory_win.cc(73)] ReadMemory at 0x7ff808fb0000 of 64 bytes failed: Only part of a ReadProcessMemory or WriteProcessMemory request was completed. (0x12B)
[0609/145648.456:WARNING:pe_image_reader.cc(340)] could not read dos header from C:\Windows\system32\NSI.dll
[0609/145648.456:ERROR:process_memory_win.cc(73)] ReadMemory at 0x7ff803bd0000 of 64 bytes failed: Only part of a ReadProcessMemory or WriteProcessMemory request was completed. (0x12B)
[0609/145648.456:WARNING:pe_image_reader.cc(340)] could not read dos header from C:\Windows\SYSTEM32\WINNSI.DLL
[0609/145648.456:ERROR:process_memory_win.cc(73)] ReadMemory at 0x7ff808730000 of 64 bytes failed: Only part of a ReadProcessMemory or WriteProcessMemory request was completed. (0x12B)
[0609/145648.456:WARNING:pe_image_reader.cc(340)] could not read dos header from C:\Windows\system32\combase.dll
[0609/145648.456:ERROR:process_memory_win.cc(73)] ReadMemory at 0x7ffffed40000 of 64 bytes failed: Only part of a ReadProcessMemory or WriteProcessMemory request was completed. (0x12B)
[0609/145648.456:WARNING:pe_image_reader.cc(340)] could not read dos header from C:\Windows\SYSTEM32\WINMMBASE.dll
[0609/145648.456:ERROR:process_memory_win.cc(73)] ReadMemory at 0x7ff808910000 of 64 bytes failed: Only part of a ReadProcessMemory or WriteProcessMemory request was completed. (0x12B)
[0609/145648.456:WARNING:pe_image_reader.cc(340)] could not read dos header from C:\Windows\system32\USER32.dll
[0609/145648.456:ERROR:process_memory_win.cc(73)] ReadMemory at 0x7ff8065a0000 of 64 bytes failed: Only part of a ReadProcessMemory or WriteProcessMemory request was completed. (0x12B)
[0609/145648.456:WARNING:pe_image_reader.cc(340)] could not read dos header from C:\Windows\SYSTEM32\profapi.dll
[0609/145648.456:ERROR:process_memory_win.cc(73)] ReadMemory at 0x7ff806650000 of 64 bytes failed: Only part of a ReadProcessMemory or WriteProcessMemory request was completed. (0x12B)
[0609/145648.456:WARNING:pe_image_reader.cc(340)] could not read dos header from C:\Windows\system32\MSASN1.dll
[0609/145648.456:ERROR:process_memory_win.cc(73)] ReadMemory at 0x7ff806720000 of 64 bytes failed: Only part of a ReadProcessMemory or WriteProcessMemory request was completed. (0x12B)
[0609/145648.456:WARNING:pe_image_reader.cc(340)] could not read dos header from C:\Windows\SYSTEM32\cfgmgr32.dll
[0609/145648.456:ERROR:process_memory_win.cc(73)] ReadMemory at 0x7ff805400000 of 64 bytes failed: Only part of a ReadProcessMemory or WriteProcessMemory request was completed. (0x12B)
[0609/145648.456:WARNING:pe_image_reader.cc(340)] could not read dos header from C:\Windows\SYSTEM32\DEVOBJ.dll
[0609/145648.456:ERROR:process_memory_win.cc(73)] ReadMemory at 0x7ff809100000 of 64 bytes failed: Only part of a ReadProcessMemory or WriteProcessMemory request was completed. (0x12B)
[0609/145648.456:WARNING:pe_image_reader.cc(340)] could not read dos header from C:\Windows\system32\GDI32.dll
[0609/145648.456:ERROR:process_memory_win.cc(73)] ReadMemory at 0x7ff8063d0000 of 64 bytes failed: Only part of a ReadProcessMemory or WriteProcessMemory request was completed. (0x12B)
[0609/145648.457:WARNING:pe_image_reader.cc(340)] could not read dos header from C:\Windows\SYSTEM32\SSPICLI.DLL
[0609/145648.457:ERROR:process_memory_win.cc(73)] ReadMemory at 0x7ff806b70000 of 64 bytes failed: Only part of a ReadProcessMemory or WriteProcessMemory request was completed. (0x12B)
[0609/145648.457:WARNING:pe_image_reader.cc(340)] could not read dos header from C:\Windows\system32\IMM32.DLL
[0609/145648.457:ERROR:process_memory_win.cc(73)] ReadMemory at 0x7ff808fc0000 of 64 bytes failed: Only part of a ReadProcessMemory or WriteProcessMemory request was completed. (0x12B)
[0609/145648.457:WARNING:pe_image_reader.cc(340)] could not read dos header from C:\Windows\system32\MSCTF.dll
[0609/145648.457:ERROR:process_memory_win.cc(73)] ReadMemory at 0x7ff807040000 of 64 bytes failed: Only part of a ReadProcessMemory or WriteProcessMemory request was completed. (0x12B)
[0609/145648.457:WARNING:pe_image_reader.cc(340)] could not read dos header from C:\Windows\system32\SHELL32.dll
[0609/145648.457:ERROR:process_memory_win.cc(73)] ReadMemory at 0x7ff808f40000 of 64 bytes failed: Only part of a ReadProcessMemory or WriteProcessMemory request was completed. (0x12B)
[0609/145648.457:WARNING:pe_image_reader.cc(340)] could not read dos header from C:\Windows\system32\SHLWAPI.dll
[0609/145648.457:ERROR:process_memory_win.cc(73)] ReadMemory at 0x7ff804f40000 of 64 bytes failed: Only part of a ReadProcessMemory or WriteProcessMemory request was completed. (0x12B)
[0609/145648.457:WARNING:pe_image_reader.cc(340)] could not read dos header from C:\Windows\SYSTEM32\SHCORE.dll
[0609/145648.457:ERROR:process_memory_win.cc(73)] ReadMemory at 0x7ff806470000 of 64 bytes failed: Only part of a ReadProcessMemory or WriteProcessMemory request was completed. (0x12B)
[0609/145648.457:WARNING:pe_image_reader.cc(340)] could not read dos header from C:\Windows\SYSTEM32\CRYPTBASE.DLL
[0609/145648.457:ERROR:process_memory_win.cc(73)] ReadMemory at 0x7ff806400000 of 64 bytes failed: Only part of a ReadProcessMemory or WriteProcessMemory request was completed. (0x12B)
[0609/145648.457:WARNING:pe_image_reader.cc(340)] could not read dos header from C:\Windows\SYSTEM32\bcryptPrimitives.dll
[0609/145648.466:ERROR:process_memory_win.cc(73)] ReadMemory at 0x1e2ea58000 of 98304 bytes failed: Only part of a ReadProcessMemory or WriteProcessMemory request was completed. (0x12B)
[0609/145648.490:ERROR:process_memory_win.cc(73)] ReadMemory at 0x1e3118d000 of 12288 bytes failed: Only part of a ReadProcessMemory or WriteProcessMemory request was completed. (0x12B)
[0609/145648.491:ERROR:process_memory_win.cc(73)] ReadMemory at 0x1e3198b000 of 20480 bytes failed: Only part of a ReadProcessMemory or WriteProcessMemory request was completed. (0x12B)
[0609/145648.491:ERROR:process_memory_win.cc(73)] ReadMemory at 0x1e3218c000 of 16384 bytes failed: Only part of a ReadProcessMemory or WriteProcessMemory request was completed. (0x12B)
[0609/145648.491:ERROR:process_memory_win.cc(73)] ReadMemory at 0x1e3298b000 of 20480 bytes failed: Only part of a ReadProcessMemory or WriteProcessMemory request was completed. (0x12B)
[0609/145648.491:ERROR:process_memory_win.cc(73)] ReadMemory at 0x1e3318e000 of 8192 bytes failed: Only part of a ReadProcessMemory or WriteProcessMemory request was completed. (0x12B)
[0609/145648.491:ERROR:process_memory_win.cc(73)] ReadMemory at 0x1e3398d000 of 12288 bytes failed: Only part of a ReadProcessMemory or WriteProcessMemory request was completed. (0x12B)
[0609/145648.491:ERROR:process_memory_win.cc(73)] ReadMemory at 0x1e3438b000 of 20480 bytes failed: Only part of a ReadProcessMemory or WriteProcessMemory request was completed. (0x12B)
[0609/145648.491:ERROR:process_memory_win.cc(73)] ReadMemory at 0x1e34b8d000 of 12288 bytes failed: Only part of a ReadProcessMemory or WriteProcessMemory request was completed. (0x12B)
[0609/145648.491:ERROR:process_memory_win.cc(73)] ReadMemory at 0x1e3538d000 of 12288 bytes failed: Only part of a ReadProcessMemory or WriteProcessMemory request was completed. (0x12B)
[0609/145648.492:ERROR:process_memory_win.cc(73)] ReadMemory at 0x1e35b8d000 of 12288 bytes failed: Only part of a ReadProcessMemory or WriteProcessMemory request was completed. (0x12B)
[0609/145648.492:ERROR:process_memory_win.cc(73)] ReadMemory at 0x1e3638d000 of 12288 bytes failed: Only part of a ReadProcessMemory or WriteProcessMemory request was completed. (0x12B)
[0609/145648.492:ERROR:process_memory_win.cc(73)] ReadMemory at 0x1e36d8d000 of 12288 bytes failed: Only part of a ReadProcessMemory or WriteProcessMemory request was completed. (0x12B)
[0609/145648.492:ERROR:process_memory_win.cc(73)] ReadMemory at 0x1e3758d000 of 12288 bytes failed: Only part of a ReadProcessMemory or WriteProcessMemory request was completed. (0x12B)
[0609/145648.492:ERROR:process_memory_win.cc(73)] ReadMemory at 0x1e3898d000 of 12288 bytes failed: Only part of a ReadProcessMemory or WriteProcessMemory request was completed. (0x12B)
[0609/145648.492:ERROR:process_memory_win.cc(73)] ReadMemory at 0x1e2ec20c40 of 512 bytes failed: Only part of a ReadProcessMemory or WriteProcessMemory request was completed. (0x12B)
[0609/145648.492:ERROR:process_memory_win.cc(73)] ReadMemory at 0x1e2ec21cc0 of 512 bytes failed: Only part of a ReadProcessMemory or WriteProcessMemory request was completed. (0x12B)
[0609/145648.492:ERROR:process_memory_win.cc(73)] ReadMemory at 0x1e2ec70860 of 5940 bytes failed: Only part of a ReadProcessMemory or WriteProcessMemory request was completed. (0x12B)
[0609/145648.492:ERROR:process_memory_win.cc(73)] ReadMemory at 0x1e2ec71fa0 of 1012 bytes failed: Only part of a ReadProcessMemory or WriteProcessMemory request was completed. (0x12B)
[0609/145648.492:ERROR:process_memory_win.cc(73)] ReadMemory at 0x1e2ec725b8 of 118 bytes failed: Only part of a ReadProcessMemory or WriteProcessMemory request was completed. (0x12B)
[0609/145648.492:ERROR:process_memory_win.cc(73)] ReadMemory at 0x1e2ec72630 of 1298 bytes failed: Only part of a ReadProcessMemory or WriteProcessMemory request was completed. (0x12B)
[0609/145648.492:ERROR:process_memory_win.cc(73)] ReadMemory at 0x1e2ec72b44 of 118 bytes failed: Only part of a ReadProcessMemory or WriteProcessMemory request was completed. (0x12B)
[0609/145648.493:ERROR:process_memory_win.cc(73)] ReadMemory at 0x1e2ec72bbc of 96 bytes failed: Only part of a ReadProcessMemory or WriteProcessMemory request was completed. (0x12B)
[0609/145648.493:ERROR:process_memory_win.cc(73)] ReadMemory at 0x1e2ec72c30 of 58 bytes failed: Only part of a ReadProcessMemory or WriteProcessMemory request was completed. (0x12B)
[0609/145648.493:ERROR:process_memory_win.cc(73)] ReadMemory at 0x1e2ec72d30 of 132 bytes failed: Only part of a ReadProcessMemory or WriteProcessMemory request was completed. (0x12B)
[0609/145648.493:ERROR:process_memory_win.cc(73)] ReadMemory at 0x1e2ec72eb0 of 132 bytes failed: Only part of a ReadProcessMemory or WriteProcessMemory request was completed. (0x12B)
[0609/145648.493:ERROR:process_memory_win.cc(73)] ReadMemory at 0x1e2ec730c0 of 124 bytes failed: Only part of a ReadProcessMemory or WriteProcessMemory request was completed. (0x12B)
[0609/145648.493:ERROR:process_memory_win.cc(73)] ReadMemory at 0x1e2ec733b0 of 64 bytes failed: Only part of a ReadProcessMemory or WriteProcessMemory request was completed. (0x12B)
[0609/145648.493:ERROR:process_memory_win.cc(73)] ReadMemory at 0x1e2ec73400 of 132 bytes failed: Only part of a ReadProcessMemory or WriteProcessMemory request was completed. (0x12B)
[0609/145648.493:ERROR:process_memory_win.cc(73)] ReadMemory at 0x1e2ec736c0 of 152 bytes failed: Only part of a ReadProcessMemory or WriteProcessMemory request was completed. (0x12B)
[0609/145648.493:ERROR:process_memory_win.cc(73)] ReadMemory at 0x1e2ec73770 of 68 bytes failed: Only part of a ReadProcessMemory or WriteProcessMemory request was completed. (0x12B)
[0609/145648.493:ERROR:process_memory_win.cc(73)] ReadMemory at 0x1e2ec737c0 of 132 bytes failed: Only part of a ReadProcessMemory or WriteProcessMemory request was completed. (0x12B)
[0609/145648.493:ERROR:process_memory_win.cc(73)] ReadMemory at 0x1e2ec74630 of 132 bytes failed: Only part of a ReadProcessMemory or WriteProcessMemory request was completed. (0x12B)
[0609/145648.493:ERROR:process_memory_win.cc(73)] ReadMemory at 0x1e2ec74860 of 62 bytes failed: Only part of a ReadProcessMemory or WriteProcessMemory request was completed. (0x12B)
[0609/145648.493:ERROR:process_memory_win.cc(73)] ReadMemory at 0x1e2ec748b0 of 132 bytes failed: Only part of a ReadProcessMemory or WriteProcessMemory request was completed. (0x12B)
[0609/145648.493:ERROR:process_memory_win.cc(73)] ReadMemory at 0x1e2ec75750 of 60 bytes failed: Only part of a ReadProcessMemory or WriteProcessMemory request was completed. (0x12B)
[0609/145648.493:ERROR:process_memory_win.cc(73)] ReadMemory at 0x1e2ec75af0 of 132 bytes failed: Only part of a ReadProcessMemory or WriteProcessMemory request was completed. (0x12B)
[0609/145648.493:ERROR:process_memory_win.cc(73)] ReadMemory at 0x1e2ec77b90 of 132 bytes failed: Only part of a ReadProcessMemory or WriteProcessMemory request was completed. (0x12B)
[0609/145648.493:ERROR:process_memory_win.cc(73)] ReadMemory at 0x1e2ec77cb0 of 132 bytes failed: Only part of a ReadProcessMemory or WriteProcessMemory request was completed. (0x12B)
[0609/145648.493:ERROR:process_memory_win.cc(73)] ReadMemory at 0x1e2ec7a800 of 144 bytes failed: Only part of a ReadProcessMemory or WriteProcessMemory request was completed. (0x12B)
[0609/145648.493:ERROR:process_memory_win.cc(73)] ReadMemory at 0x1e2ec7c6d0 of 64 bytes failed: Only part of a ReadProcessMemory or WriteProcessMemory request was completed. (0x12B)
[0609/145648.493:ERROR:process_memory_win.cc(73)] ReadMemory at 0x1e2ec7c770 of 64 bytes failed: Only part of a ReadProcessMemory or WriteProcessMemory request was completed. (0x12B)
[0609/145648.494:ERROR:process_memory_win.cc(73)] ReadMemory at 0x1e2ec7c7c0 of 62 bytes failed: Only part of a ReadProcessMemory or WriteProcessMemory request was completed. (0x12B)
[0609/145648.494:ERROR:process_memory_win.cc(73)] ReadMemory at 0x1e2ec7c810 of 64 bytes failed: Only part of a ReadProcessMemory or WriteProcessMemory request was completed. (0x12B)
[0609/145648.494:ERROR:process_memory_win.cc(73)] ReadMemory at 0x1e2ec7c860 of 62 bytes failed: Only part of a ReadProcessMemory or WriteProcessMemory request was completed. (0x12B)
[0609/145648.494:ERROR:process_memory_win.cc(73)] ReadMemory at 0x1e2ec7c8b0 of 62 bytes failed: Only part of a ReadProcessMemory or WriteProcessMemory request was completed. (0x12B)
[0609/145648.494:ERROR:process_memory_win.cc(73)] ReadMemory at 0x1e2ec7c900 of 60 bytes failed: Only part of a ReadProcessMemory or WriteProcessMemory request was completed. (0x12B)
[0609/145648.494:ERROR:process_memory_win.cc(73)] ReadMemory at 0x1e2ec7c950 of 62 bytes failed: Only part of a ReadProcessMemory or WriteProcessMemory request was completed. (0x12B)
[0609/145648.494:ERROR:process_memory_win.cc(73)] ReadMemory at 0x1e2ec7c9a0 of 64 bytes failed: Only part of a ReadProcessMemory or WriteProcessMemory request was completed. (0x12B)
[0609/145648.494:ERROR:process_memory_win.cc(73)] ReadMemory at 0x1e2ec7c9f0 of 58 bytes failed: Only part of a ReadProcessMemory or WriteProcessMemory request was completed. (0x12B)
[0609/145648.494:ERROR:process_memory_win.cc(73)] ReadMemory at 0x1e2ec7ca40 of 60 bytes failed: Only part of a ReadProcessMemory or WriteProcessMemory request was completed. (0x12B)
[0609/145648.494:ERROR:process_memory_win.cc(73)] ReadMemory at 0x1e2ec7ca90 of 64 bytes failed: Only part of a ReadProcessMemory or WriteProcessMemory request was completed. (0x12B)
[0609/145648.494:ERROR:process_memory_win.cc(73)] ReadMemory at 0x1e2ec7cae0 of 60 bytes failed: Only part of a ReadProcessMemory or WriteProcessMemory request was completed. (0x12B)
[0609/145648.494:ERROR:process_memory_win.cc(73)] ReadMemory at 0x1e2ec7cb30 of 60 bytes failed: Only part of a ReadProcessMemory or WriteProcessMemory request was completed. (0x12B)
[0609/145648.494:ERROR:process_memory_win.cc(73)] ReadMemory at 0x1e2ec7cb80 of 62 bytes failed: Only part of a ReadProcessMemory or WriteProcessMemory request was completed. (0x12B)
[0609/145648.494:ERROR:process_memory_win.cc(73)] ReadMemory at 0x1e2ec7cbd0 of 64 bytes failed: Only part of a ReadProcessMemory or WriteProcessMemory request was completed. (0x12B)
[0609/145648.494:ERROR:process_memory_win.cc(73)] ReadMemory at 0x1e2ec7cc20 of 60 bytes failed: Only part of a ReadProcessMemory or WriteProcessMemory request was completed. (0x12B)
[0609/145648.494:ERROR:process_memory_win.cc(73)] ReadMemory at 0x1e2ec7cc70 of 62 bytes failed: Only part of a ReadProcessMemory or WriteProcessMemory request was completed. (0x12B)
[0609/145648.495:ERROR:process_memory_win.cc(73)] ReadMemory at 0x1e2ec7ccc0 of 64 bytes failed: Only part of a ReadProcessMemory or WriteProcessMemory request was completed. (0x12B)
[0609/145648.495:ERROR:process_memory_win.cc(73)] ReadMemory at 0x1e2ec7cd10 of 62 bytes failed: Only part of a ReadProcessMemory or WriteProcessMemory request was completed. (0x12B)
[0609/145648.495:ERROR:process_memory_win.cc(73)] ReadMemory at 0x1e2ec7cd60 of 62 bytes failed: Only part of a ReadProcessMemory or WriteProcessMemory request was completed. (0x12B)
[0609/145648.495:ERROR:process_memory_win.cc(73)] ReadMemory at 0x1e2ec7cdb0 of 66 bytes failed: Only part of a ReadProcessMemory or WriteProcessMemory request was completed. (0x12B)
[0609/145648.495:ERROR:process_memory_win.cc(73)] ReadMemory at 0x1e2ec7ce00 of 60 bytes failed: Only part of a ReadProcessMemory or WriteProcessMemory request was completed. (0x12B)
[0609/145648.495:ERROR:process_memory_win.cc(73)] ReadMemory at 0x1e2ec7d180 of 80 bytes failed: Only part of a ReadProcessMemory or WriteProcessMemory request was completed. (0x12B)
[0609/145648.495:ERROR:process_memory_win.cc(73)] ReadMemory at 0x1e2ec7d6a0 of 132 bytes failed: Only part of a ReadProcessMemory or WriteProcessMemory request was completed. (0x12B)
[0609/145648.495:ERROR:process_memory_win.cc(73)] ReadMemory at 0x1e2ec7d7c0 of 132 bytes failed: Only part of a ReadProcessMemory or WriteProcessMemory request was completed. (0x12B)
[0609/145648.495:ERROR:process_memory_win.cc(73)] ReadMemory at 0x1e2ec7eb10 of 132 bytes failed: Only part of a ReadProcessMemory or WriteProcessMemory request was completed. (0x12B)
[0609/145648.495:ERROR:process_memory_win.cc(73)] ReadMemory at 0x1e2ec7f040 of 132 bytes failed: Only part of a ReadProcessMemory or WriteProcessMemory request was completed. (0x12B)
[0609/145648.495:ERROR:process_memory_win.cc(73)] ReadMemory at 0x1e2ec7f160 of 132 bytes failed: Only part of a ReadProcessMemory or WriteProcessMemory request was completed. (0x12B)
[0609/145648.495:ERROR:process_memory_win.cc(73)] ReadMemory at 0x1e2ec7fb30 of 132 bytes failed: Only part of a ReadProcessMemory or WriteProcessMemory request was completed. (0x12B)
[0609/145648.495:ERROR:process_memory_win.cc(73)] ReadMemory at 0x1e2ec7fc50 of 132 bytes failed: Only part of a ReadProcessMemory or WriteProcessMemory request was completed. (0x12B)
[0609/145648.495:ERROR:process_memory_win.cc(73)] ReadMemory at 0x1e2ec7fd70 of 132 bytes failed: Only part of a ReadProcessMemory or WriteProcessMemory request was completed. (0x12B)
[0609/145648.495:ERROR:process_memory_win.cc(73)] ReadMemory at 0x1e2ec7fee0 of 132 bytes failed: Only part of a ReadProcessMemory or WriteProcessMemory request was completed. (0x12B)
[0609/145648.495:ERROR:process_memory_win.cc(73)] ReadMemory at 0x1e2ec80000 of 132 bytes failed: Only part of a ReadProcessMemory or WriteProcessMemory request was completed. (0x12B)
[0609/145648.495:ERROR:process_memory_win.cc(73)] ReadMemory at 0x1e2ec80120 of 132 bytes failed: Only part of a ReadProcessMemory or WriteProcessMemory request was completed. (0x12B)
[0609/145648.495:ERROR:process_memory_win.cc(73)] ReadMemory at 0x1e2ec80240 of 132 bytes failed: Only part of a ReadProcessMemory or WriteProcessMemory request was completed. (0x12B)
[0609/145648.496:ERROR:process_memory_win.cc(73)] ReadMemory at 0x1e2ec80360 of 132 bytes failed: Only part of a ReadProcessMemory or WriteProcessMemory request was completed. (0x12B)
[0609/145648.496:ERROR:process_memory_win.cc(73)] ReadMemory at 0x1e2ec80480 of 132 bytes failed: Only part of a ReadProcessMemory or WriteProcessMemory request was completed. (0x12B)
[0609/145648.496:ERROR:process_memory_win.cc(73)] ReadMemory at 0x1e2ec805a0 of 132 bytes failed: Only part of a ReadProcessMemory or WriteProcessMemory request was completed. (0x12B)
[0609/145648.496:ERROR:process_memory_win.cc(73)] ReadMemory at 0x1e2ec806c0 of 132 bytes failed: Only part of a ReadProcessMemory or WriteProcessMemory request was completed. (0x12B)
[0609/145648.496:ERROR:process_memory_win.cc(73)] ReadMemory at 0x1e2ec807e0 of 132 bytes failed: Only part of a ReadProcessMemory or WriteProcessMemory request was completed. (0x12B)
[0609/145648.496:ERROR:process_memory_win.cc(73)] ReadMemory at 0x1e2ec80900 of 132 bytes failed: Only part of a ReadProcessMemory or WriteProcessMemory request was completed. (0x12B)
[0609/145648.496:ERROR:process_memory_win.cc(73)] ReadMemory at 0x1e2ec80a20 of 132 bytes failed: Only part of a ReadProcessMemory or WriteProcessMemory request was completed. (0x12B)
[0609/145648.496:ERROR:process_memory_win.cc(73)] ReadMemory at 0x1e2ec80b40 of 132 bytes failed: Only part of a ReadProcessMemory or WriteProcessMemory request was completed. (0x12B)
[0609/145648.496:ERROR:process_memory_win.cc(73)] ReadMemory at 0x1e2ec80c60 of 132 bytes failed: Only part of a ReadProcessMemory or WriteProcessMemory request was completed. (0x12B)
[0609/145648.496:ERROR:process_memory_win.cc(73)] ReadMemory at 0x1e2ec813d0 of 80 bytes failed: Only part of a ReadProcessMemory or WriteProcessMemory request was completed. (0x12B)
[0609/145648.496:ERROR:process_memory_win.cc(73)] ReadMemory at 0x1e2ec81f90 of 54 bytes failed: Only part of a ReadProcessMemory or WriteProcessMemory request was completed. (0x12B)
[0609/145648.496:ERROR:process_memory_win.cc(73)] ReadMemory at 0x1e2ec82af0 of 132 bytes failed: Only part of a ReadProcessMemory or WriteProcessMemory request was completed. (0x12B)
[0609/145648.496:ERROR:process_memory_win.cc(73)] ReadMemory at 0x1e2ec82c10 of 132 bytes failed: Only part of a ReadProcessMemory or WriteProcessMemory request was completed. (0x12B)
[0609/145648.496:ERROR:process_memory_win.cc(73)] ReadMemory at 0x1e2ec83510 of 132 bytes failed: Only part of a ReadProcessMemory or WriteProcessMemory request was completed. (0x12B)
[0609/145648.496:ERROR:process_memory_win.cc(73)] ReadMemory at 0x1e2ec83630 of 132 bytes failed: Only part of a ReadProcessMemory or WriteProcessMemory request was completed. (0x12B)
[0609/145648.496:ERROR:process_memory_win.cc(73)] ReadMemory at 0x1e2ec83870 of 132 bytes failed: Only part of a ReadProcessMemory or WriteProcessMemory request was completed. (0x12B)
[0609/145648.496:ERROR:process_memory_win.cc(73)] ReadMemory at 0x1e2ec83990 of 132 bytes failed: Only part of a ReadProcessMemory or WriteProcessMemory request was completed. (0x12B)
[0609/145648.496:ERROR:process_memory_win.cc(73)] ReadMemory at 0x1e2ec83e10 of 132 bytes failed: Only part of a ReadProcessMemory or WriteProcessMemory request was completed. (0x12B)
[0609/145648.496:ERROR:process_memory_win.cc(73)] ReadMemory at 0x1e2ec83f30 of 132 bytes failed: Only part of a ReadProcessMemory or WriteProcessMemory request was completed. (0x12B)
[0609/145648.497:ERROR:process_memory_win.cc(73)] ReadMemory at 0x1e2ec84050 of 132 bytes failed: Only part of a ReadProcessMemory or WriteProcessMemory request was completed. (0x12B)
[0609/145648.497:ERROR:process_memory_win.cc(73)] ReadMemory at 0x1e2ec84290 of 132 bytes failed: Only part of a ReadProcessMemory or WriteProcessMemory request was completed. (0x12B)
[0609/145648.497:ERROR:process_memory_win.cc(73)] ReadMemory at 0x1e2ec843b0 of 132 bytes failed: Only part of a ReadProcessMemory or WriteProcessMemory request was completed. (0x12B)
[0609/145648.497:ERROR:process_memory_win.cc(73)] ReadMemory at 0x1e2ec844d0 of 132 bytes failed: Only part of a ReadProcessMemory or WriteProcessMemory request was completed. (0x12B)
[0609/145648.497:ERROR:process_memory_win.cc(73)] ReadMemory at 0x1e2ec845f0 of 132 bytes failed: Only part of a ReadProcessMemory or WriteProcessMemory request was completed. (0x12B)
[0609/145648.497:ERROR:process_memory_win.cc(73)] ReadMemory at 0x1e2ec85280 of 62 bytes failed: Only part of a ReadProcessMemory or WriteProcessMemory request was completed. (0x12B)
[0609/145648.497:ERROR:process_memory_win.cc(73)] ReadMemory at 0x1e2ec85370 of 58 bytes failed: Only part of a ReadProcessMemory or WriteProcessMemory request was completed. (0x12B)
[0609/145648.497:ERROR:process_memory_win.cc(73)] ReadMemory at 0x1e2ec85410 of 66 bytes failed: Only part of a ReadProcessMemory or WriteProcessMemory request was completed. (0x12B)
[0609/145648.497:ERROR:process_memory_win.cc(73)] ReadMemory at 0x1e2ec85780 of 60 bytes failed: Only part of a ReadProcessMemory or WriteProcessMemory request was completed. (0x12B)
[0609/145648.497:ERROR:process_memory_win.cc(73)] ReadMemory at 0x1e2ec859b0 of 58 bytes failed: Only part of a ReadProcessMemory or WriteProcessMemory request was completed. (0x12B)
[0609/145648.497:ERROR:process_memory_win.cc(73)] ReadMemory at 0x1e2ec85a00 of 62 bytes failed: Only part of a ReadProcessMemory or WriteProcessMemory request was completed. (0x12B)
[0609/145648.497:ERROR:process_memory_win.cc(73)] ReadMemory at 0x1e2ec85be0 of 58 bytes failed: Only part of a ReadProcessMemory or WriteProcessMemory request was completed. (0x12B)
[0609/145648.497:ERROR:process_memory_win.cc(73)] ReadMemory at 0x1e2ec85ff0 of 60 bytes failed: Only part of a ReadProcessMemory or WriteProcessMemory request was completed. (0x12B)
[0609/145648.497:ERROR:process_memory_win.cc(73)] ReadMemory at 0x1e2ec860e0 of 62 bytes failed: Only part of a ReadProcessMemory or WriteProcessMemory request was completed. (0x12B)
[0609/145648.497:ERROR:process_memory_win.cc(73)] ReadMemory at 0x1e2ec90db0 of 896 bytes failed: Only part of a ReadProcessMemory or WriteProcessMemory request was completed. (0x12B)
[0609/145648.497:ERROR:process_memory_win.cc(73)] ReadMemory at 0x1e2ec91590 of 512 bytes failed: Only part of a ReadProcessMemory or WriteProcessMemory request was completed. (0x12B)
[0609/145648.497:ERROR:process_memory_win.cc(73)] ReadMemory at 0x1e2ee70000 of 384 bytes failed: Only part of a ReadProcessMemory or WriteProcessMemory request was completed. (0x12B)
[0609/145648.497:ERROR:process_memory_win.cc(73)] ReadMemory at 0x1e2ee9b840 of 512 bytes failed: Only part of a ReadProcessMemory or WriteProcessMemory request was completed. (0x12B)
[0609/145648.497:ERROR:process_memory_win.cc(73)] ReadMemory at 0x1e2eea01c0 of 512 bytes failed: Only part of a ReadProcessMemory or WriteProcessMemory request was completed. (0x12B)
[0609/145648.497:ERROR:process_memory_win.cc(73)] ReadMemory at 0x1e2eea6470 of 512 bytes failed: Only part of a ReadProcessMemory or WriteProcessMemory request was completed. (0x12B)
[0609/145648.498:ERROR:process_memory_win.cc(73)] ReadMemory at 0x1e2eeb04a0 of 512 bytes failed: Only part of a ReadProcessMemory or WriteProcessMemory request was completed. (0x12B)
[0609/145648.498:ERROR:process_memory_win.cc(73)] ReadMemory at 0x1e2eebc5a0 of 512 bytes failed: Only part of a ReadProcessMemory or WriteProcessMemory request was completed. (0x12B)
[0609/145648.498:ERROR:process_memory_win.cc(73)] ReadMemory at 0x1e2eec1670 of 712 bytes failed: Only part of a ReadProcessMemory or WriteProcessMemory request was completed. (0x12B)
[0609/145648.498:ERROR:process_memory_win.cc(73)] ReadMemory at 0x1e2eec31b0 of 512 bytes failed: Only part of a ReadProcessMemory or WriteProcessMemory request was completed. (0x12B)
[0609/145648.498:ERROR:process_memory_win.cc(73)] ReadMemory at 0x1e2eec8c60 of 512 bytes failed: Only part of a ReadProcessMemory or WriteProcessMemory request was completed. (0x12B)
[0609/145648.498:ERROR:process_memory_win.cc(73)] ReadMemory at 0x1e2eed17b0 of 544 bytes failed: Only part of a ReadProcessMemory or WriteProcessMemory request was completed. (0x12B)
[0609/145648.498:ERROR:process_memory_win.cc(73)] ReadMemory at 0x1e2eed5660 of 512 bytes failed: Only part of a ReadProcessMemory or WriteProcessMemory request was completed. (0x12B)
[0609/145648.498:ERROR:process_memory_win.cc(73)] ReadMemory at 0x1e2ef00f60 of 512 bytes failed: Only part of a ReadProcessMemory or WriteProcessMemory request was completed. (0x12B)
[0609/145648.498:ERROR:process_memory_win.cc(73)] ReadMemory at 0x1e2ef02160 of 512 bytes failed: Only part of a ReadProcessMemory or WriteProcessMemory request was completed. (0x12B)
[0609/145648.498:ERROR:process_memory_win.cc(73)] ReadMemory at 0x1e2ef05400 of 512 bytes failed: Only part of a ReadProcessMemory or WriteProcessMemory request was completed. (0x12B)
[0609/145648.498:ERROR:process_memory_win.cc(73)] ReadMemory at 0x1e2ef1fe50 of 512 bytes failed: Only part of a ReadProcessMemory or WriteProcessMemory request was completed. (0x12B)
[0609/145648.498:ERROR:process_memory_win.cc(73)] ReadMemory at 0x1e2ef21d30 of 512 bytes failed: Only part of a ReadProcessMemory or WriteProcessMemory request was completed. (0x12B)
[0609/145648.498:ERROR:process_memory_win.cc(73)] ReadMemory at 0x1e2ef8b850 of 512 bytes failed: Only part of a ReadProcessMemory or WriteProcessMemory request was completed. (0x12B)
[0609/145648.498:ERROR:process_memory_win.cc(73)] ReadMemory at 0x1e33a0e650 of 512 bytes failed: Only part of a ReadProcessMemory or WriteProcessMemory request was completed. (0x12B)
[0609/145648.498:ERROR:process_memory_win.cc(73)] ReadMemory at 0x1e33a45b70 of 512 bytes failed: Only part of a ReadProcessMemory or WriteProcessMemory request was completed. (0x12B)
[0609/145648.498:ERROR:process_memory_win.cc(73)] ReadMemory at 0x1e33a47a68 of 512 bytes failed: Only part of a ReadProcessMemory or WriteProcessMemory request was completed. (0x12B)
[0609/145648.498:ERROR:process_memory_win.cc(73)] ReadMemory at 0x31c3f5e8a508 of 512 bytes failed: Only part of a ReadProcessMemory or WriteProcessMemory request was completed. (0x12B)
[0609/145648.498:ERROR:process_memory_win.cc(73)] ReadMemory at 0x7ff7d037e000 of 6024 bytes failed: Only part of a ReadProcessMemory or WriteProcessMemory request was completed. (0x12B)
[0609/145648.499:ERROR:process_memory_win.cc(73)] ReadMemory at 0x7ff7d0380000 of 6024 bytes failed: Only part of a ReadProcessMemory or WriteProcessMemory request was completed. (0x12B)
[0609/145648.499:ERROR:process_memory_win.cc(73)] ReadMemory at 0x7ff7d0382000 of 6024 bytes failed: Only part of a ReadProcessMemory or WriteProcessMemory request was completed. (0x12B)
[0609/145648.499:ERROR:process_memory_win.cc(73)] ReadMemory at 0x7ff7d0384000 of 6024 bytes failed: Only part of a ReadProcessMemory or WriteProcessMemory request was completed. (0x12B)
[0609/145648.499:ERROR:process_memory_win.cc(73)] ReadMemory at 0x7ff7d0386000 of 6024 bytes failed: Only part of a ReadProcessMemory or WriteProcessMemory request was completed. (0x12B)
[0609/145648.499:ERROR:process_memory_win.cc(73)] ReadMemory at 0x7ff7d0388000 of 6024 bytes failed: Only part of a ReadProcessMemory or WriteProcessMemory request was completed. (0x12B)
[0609/145648.499:ERROR:process_memory_win.cc(73)] ReadMemory at 0x7ff7d038a000 of 6024 bytes failed: Only part of a ReadProcessMemory or WriteProcessMemory request was completed. (0x12B)
[0609/145648.499:ERROR:process_memory_win.cc(73)] ReadMemory at 0x7ff7d038c000 of 6024 bytes failed: Only part of a ReadProcessMemory or WriteProcessMemory request was completed. (0x12B)
[0609/145648.499:ERROR:process_memory_win.cc(73)] ReadMemory at 0x7ff7d038e000 of 6024 bytes failed: Only part of a ReadProcessMemory or WriteProcessMemory request was completed. (0x12B)
[0609/145648.499:ERROR:process_memory_win.cc(73)] ReadMemory at 0x7ff7d04b3000 of 6024 bytes failed: Only part of a ReadProcessMemory or WriteProcessMemory request was completed. (0x12B)
[0609/145648.499:ERROR:process_memory_win.cc(73)] ReadMemory at 0x7ff7d04b5000 of 6024 bytes failed: Only part of a ReadProcessMemory or WriteProcessMemory request was completed. (0x12B)
[0609/145648.499:ERROR:process_memory_win.cc(73)] ReadMemory at 0x7ff7d04b7000 of 6024 bytes failed: Only part of a ReadProcessMemory or WriteProcessMemory request was completed. (0x12B)
[0609/145648.499:ERROR:process_memory_win.cc(73)] ReadMemory at 0x7ff7d04b9000 of 6024 bytes failed: Only part of a ReadProcessMemory or WriteProcessMemory request was completed. (0x12B)
[0609/145648.499:ERROR:process_memory_win.cc(73)] ReadMemory at 0x7ff7d04bb000 of 6024 bytes failed: Only part of a ReadProcessMemory or WriteProcessMemory request was completed. (0x12B)
[0609/145648.499:ERROR:process_memory_win.cc(73)] ReadMemory at 0x7ff7d04bd000 of 6024 bytes failed: Only part of a ReadProcessMemory or WriteProcessMemory request was completed. (0x12B)
[0609/145648.499:ERROR:process_memory_win.cc(73)] ReadMemory at 0x7ff7d04bf000 of 852 bytes failed: Only part of a ReadProcessMemory or WriteProcessMemory request was completed. (0x12B)
[0609/145648.499:ERROR:process_memory_win.cc(73)] ReadMemory at 0x7ff806808f40 of 512 bytes failed: Only part of a ReadProcessMemory or WriteProcessMemory request was completed. (0x12B)
[0609/145648.500:ERROR:process_memory_win.cc(73)] ReadMemory at 0x7ff809255750 of 512 bytes failed: Only part of a ReadProcessMemory or WriteProcessMemory request was completed. (0x12B)
[0609/145648.500:ERROR:process_memory_win.cc(73)] ReadMemory at 0x7ff8092595d0 of 18 bytes failed: Only part of a ReadProcessMemory or WriteProcessMemory request was completed. (0x12B)
[0609/145648.500:ERROR:process_memory_win.cc(73)] ReadMemory at 0x7ff80926c4d0 of 512 bytes failed: Only part of a ReadProcessMemory or WriteProcessMemory request was completed. (0x12B)
[0609/145648.500:ERROR:process_memory_win.cc(73)] ReadMemory at 0x7ff80928ac70 of 512 bytes failed: Only part of a ReadProcessMemory or WriteProcessMemory request was completed. (0x12B)
[0609/145648.500:ERROR:process_memory_win.cc(73)] ReadMemory at 0x7ff8092e067a of 592 bytes failed: Only part of a ReadProcessMemory or WriteProcessMemory request was completed. (0x12B)
[0609/145648.500:ERROR:process_memory_win.cc(73)] ReadMemory at 0x7ff8092e097a of 512 bytes failed: Only part of a ReadProcessMemory or WriteProcessMemory request was completed. (0x12B)
[0609/145648.500:ERROR:process_memory_win.cc(73)] ReadMemory at 0x7ff8092e20fa of 560 bytes failed: Only part of a ReadProcessMemory or WriteProcessMemory request was completed. (0x12B)
[0609/145648.500:ERROR:process_memory_win.cc(73)] ReadMemory at 0x7ff80937e8a8 of 40 bytes failed: Only part of a ReadProcessMemory or WriteProcessMemory request was completed. (0x12B)
[0609/145648.500:ERROR:process_memory_win.cc(73)] ReadMemory at 0x7ff80937eb00 of 512 bytes failed: Only part of a ReadProcessMemory or WriteProcessMemory request was completed. (0x12B)
[0609/145648.500:ERROR:process_memory_win.cc(73)] ReadMemory at 0x7ff809381320 of 64 bytes failed: Only part of a ReadProcessMemory or WriteProcessMemory request was completed. (0x12B)
[0609/145648.500:ERROR:process_memory_win.cc(73)] ReadMemory at 0x7fffbeba0000 of 384 bytes failed: Only part of a ReadProcessMemory or WriteProcessMemory request was completed. (0x12B)
[0609/145648.500:ERROR:process_memory_win.cc(73)] ReadMemory at 0x7fffc132818c of 512 bytes failed: Only part of a ReadProcessMemory or WriteProcessMemory request was completed. (0x12B)
[0609/145648.500:ERROR:process_memory_win.cc(73)] ReadMemory at 0x7fffc2255d51 of 512 bytes failed: Only part of a ReadProcessMemory or WriteProcessMemory request was completed. (0x12B)
[0609/145648.500:ERROR:process_memory_win.cc(73)] ReadMemory at 0x7fffc5882d30 of 512 bytes failed: Only part of a ReadProcessMemory or WriteProcessMemory request was completed. (0x12B)
[0609/145648.500:ERROR:process_memory_win.cc(73)] ReadMemory at 0x7fffc588fd30 of 512 bytes failed: Only part of a ReadProcessMemory or WriteProcessMemory request was completed. (0x12B)
[0609/145648.500:ERROR:process_memory_win.cc(73)] ReadMemory at 0x7fffc64a9568 of 512 bytes failed: Only part of a ReadProcessMemory or WriteProcessMemory request was completed. (0x12B)
[0609/145648.501:ERROR:process_memory_win.cc(73)] ReadMemory at 0x7fffe6fdb97e of 512 bytes failed: Only part of a ReadProcessMemory or WriteProcessMemory request was completed. (0x12B)
[0609/145648.507:ERROR:file_io_win.cc(161)] CreateFile C:\Users\Admin\AppData\Local\Temp\scoped_dir21352_389016866\Crashpad\settings.dat: The system cannot find the file specified. (0x2)
[0609/145648.507:ERROR:scoped_process_suspend.cc(40)] NtResumeProcess: An attempt was made to access an exiting process. (0xc000010a)
