[2020-06-12T13:12:54.995] [INFO] protractorLog4js - Inside before All...
[2020-06-12T13:12:54.998] [INFO] protractorLog4js - Opening Url
[2020-06-12T13:12:55.002] [INFO] protractorLog4js - Maximise Window...
[2020-06-12T13:13:18.945] [INFO] protractorLog4js - Entering Username...
[2020-06-12T13:13:18.951] [INFO] protractorLog4js - Entering password...
[2020-06-12T13:14:52.004] [INFO] protractorLog4js - Inside before All...
[2020-06-12T13:14:52.006] [INFO] protractorLog4js - Opening Url
[2020-06-12T13:14:52.009] [INFO] protractorLog4js - Maximise Window...
[2020-06-12T13:15:21.465] [INFO] protractorLog4js - Entering Username...
[2020-06-12T13:15:21.471] [INFO] protractorLog4js - Entering password...
[2020-06-12T13:29:14.541] [INFO] protractorLog4js - Inside before All...
[2020-06-12T13:29:14.543] [INFO] protractorLog4js - Opening Url
[2020-06-12T13:29:14.545] [INFO] protractorLog4js - Maximise Window...
[2020-06-12T13:29:30.586] [INFO] protractorLog4js - Entering Username...
[2020-06-12T13:29:30.589] [INFO] protractorLog4js - Entering password...
[2020-06-12T13:29:49.562] [INFO] protractorLog4js - Validation Leave Page...
[2020-06-12T13:45:04.250] [INFO] protractorLog4js - Inside before All...
[2020-06-12T13:45:04.251] [INFO] protractorLog4js - Opening Url
[2020-06-12T13:45:04.254] [INFO] protractorLog4js - Maximise Window...
[2020-06-12T13:45:28.644] [INFO] protractorLog4js - Entering Username...
[2020-06-12T13:45:28.646] [INFO] protractorLog4js - Entering password...
[2020-06-12T13:45:50.854] [INFO] protractorLog4js - Validation Leave Page...
[2020-06-12T14:35:35.200] [INFO] protractorLog4js - Inside before All...
[2020-06-12T14:35:35.202] [INFO] protractorLog4js - Opening Url
[2020-06-12T14:35:35.204] [INFO] protractorLog4js - Maximise Window...
[2020-06-12T14:36:03.841] [INFO] protractorLog4js - Entering Username...
[2020-06-12T14:36:03.842] [INFO] protractorLog4js - Entering password...
[2020-06-12T14:36:22.475] [INFO] protractorLog4js - Validation Leave Page...
[2020-06-12T14:37:44.264] [INFO] protractorLog4js - Inside before All...
[2020-06-12T14:37:44.266] [INFO] protractorLog4js - Opening Url
[2020-06-12T14:37:44.268] [INFO] protractorLog4js - Maximise Window...
[2020-06-12T14:38:10.628] [INFO] protractorLog4js - Entering Username...
[2020-06-12T14:38:10.630] [INFO] protractorLog4js - Entering password...
[2020-06-12T14:38:29.013] [INFO] protractorLog4js - Validation Leave Page...
[2020-06-12T14:39:58.796] [INFO] protractorLog4js - Inside before All...
[2020-06-12T14:39:58.798] [INFO] protractorLog4js - Opening Url
[2020-06-12T14:39:58.801] [INFO] protractorLog4js - Maximise Window...
[2020-06-12T14:40:27.733] [INFO] protractorLog4js - Entering Username...
[2020-06-12T14:40:27.735] [INFO] protractorLog4js - Entering password...
[2020-06-12T14:40:45.632] [INFO] protractorLog4js - Validation Leave Page...
[2020-06-12T14:41:38.615] [INFO] protractorLog4js - Inside before All...
[2020-06-12T14:41:38.617] [INFO] protractorLog4js - Opening Url
[2020-06-12T14:41:38.619] [INFO] protractorLog4js - Maximise Window...
[2020-06-12T14:42:13.642] [INFO] protractorLog4js - Entering Username...
[2020-06-12T14:42:13.649] [INFO] protractorLog4js - Entering password...
[2020-06-12T14:42:32.589] [INFO] protractorLog4js - Validation Leave Page...
[2020-06-12T14:44:04.485] [INFO] protractorLog4js - Inside before All...
[2020-06-12T14:44:04.487] [INFO] protractorLog4js - Opening Url
[2020-06-12T14:44:04.490] [INFO] protractorLog4js - Maximise Window...
[2020-06-12T14:44:36.293] [INFO] protractorLog4js - Entering Username...
[2020-06-12T14:44:36.294] [INFO] protractorLog4js - Entering password...
[2020-06-12T14:44:54.234] [INFO] protractorLog4js - Validation Leave Page...
[2020-06-12T14:52:37.048] [INFO] protractorLog4js - Inside before All...
[2020-06-12T14:52:37.049] [INFO] protractorLog4js - Opening Url
[2020-06-12T14:52:37.052] [INFO] protractorLog4js - Maximise Window...
[2020-06-12T14:53:17.398] [INFO] protractorLog4js - Entering Username...
[2020-06-12T14:53:17.400] [INFO] protractorLog4js - Entering password...
[2020-06-12T14:53:36.318] [INFO] protractorLog4js - Validation Leave Page...
[2020-06-12T14:54:17.636] [INFO] protractorLog4js - Inside before All...
[2020-06-12T14:54:17.638] [INFO] protractorLog4js - Opening Url
[2020-06-12T14:54:17.640] [INFO] protractorLog4js - Maximise Window...
[2020-06-12T14:57:07.491] [INFO] protractorLog4js - Validation Leave Page...
[2020-06-12T16:52:18.197] [INFO] protractorLog4js - Inside before All...
[2020-06-12T16:52:18.200] [INFO] protractorLog4js - Opening Url
[2020-06-12T16:52:18.204] [INFO] protractorLog4js - Maximise Window...
[2020-06-12T16:52:29.686] [INFO] protractorLog4js - Entering Username...
[2020-06-12T16:52:29.688] [INFO] protractorLog4js - Entering password...
[2020-06-12T16:52:49.702] [INFO] protractorLog4js - Validation Leave Page...
[2020-06-12T16:57:10.643] [INFO] protractorLog4js - Inside before All...
[2020-06-12T16:57:10.645] [INFO] protractorLog4js - Opening Url
[2020-06-12T16:57:10.647] [INFO] protractorLog4js - Maximise Window...
[2020-06-12T16:57:22.119] [INFO] protractorLog4js - Entering Username...
[2020-06-12T16:57:22.121] [INFO] protractorLog4js - Entering password...
[2020-06-12T16:57:41.128] [INFO] protractorLog4js - Validation Leave Page...
[2020-06-12T17:21:12.246] [INFO] protractorLog4js - Inside before All...
[2020-06-12T17:21:12.248] [INFO] protractorLog4js - Opening Url
[2020-06-12T17:21:12.251] [INFO] protractorLog4js - Maximise Window...
[2020-06-12T17:21:22.210] [INFO] protractorLog4js - Entering Username...
[2020-06-12T17:21:22.212] [INFO] protractorLog4js - Entering password...
[2020-06-12T17:21:46.360] [INFO] protractorLog4js - Validation Leave Page...
[2020-06-12T17:22:32.863] [INFO] protractorLog4js - Inside before All...
[2020-06-12T17:22:32.865] [INFO] protractorLog4js - Opening Url
[2020-06-12T17:22:32.868] [INFO] protractorLog4js - Maximise Window...
[2020-06-12T17:22:46.642] [INFO] protractorLog4js - Entering Username...
[2020-06-12T17:22:46.646] [INFO] protractorLog4js - Entering password...
[2020-06-12T17:23:05.189] [INFO] protractorLog4js - Validation Leave Page...
[2020-06-12T17:25:46.653] [INFO] protractorLog4js - Inside before All...
[2020-06-12T17:25:46.655] [INFO] protractorLog4js - Opening Url
[2020-06-12T17:25:46.657] [INFO] protractorLog4js - Maximise Window...
[2020-06-12T17:26:05.147] [INFO] protractorLog4js - Entering Username...
[2020-06-12T17:26:05.149] [INFO] protractorLog4js - Entering password...
[2020-06-12T17:26:29.538] [INFO] protractorLog4js - Validation Leave Page...
[2020-06-12T18:42:56.265] [INFO] protractorLog4js - Inside before All...
[2020-06-12T18:42:56.267] [INFO] protractorLog4js - Opening Url
[2020-06-12T18:42:56.270] [INFO] protractorLog4js - Maximise Window...
[2020-06-12T18:43:13.583] [INFO] protractorLog4js - Entering Username...
[2020-06-12T18:43:13.585] [INFO] protractorLog4js - Entering password...
[2020-06-12T18:44:53.057] [INFO] protractorLog4js - Validation Leave Page...
[2020-06-12T18:46:46.176] [INFO] protractorLog4js - Inside before All...
[2020-06-12T18:46:46.177] [INFO] protractorLog4js - Opening Url
[2020-06-12T18:46:46.179] [INFO] protractorLog4js - Maximise Window...
[2020-06-12T18:46:54.144] [INFO] protractorLog4js - Entering Username...
[2020-06-12T18:46:54.146] [INFO] protractorLog4js - Entering password...
[2020-06-12T18:47:12.572] [INFO] protractorLog4js - Validation Leave Page...
[2020-06-12T18:47:23.177] [INFO] protractorLog4js - undefined
[2020-06-12T18:52:55.353] [INFO] protractorLog4js - Maximise Window...
[2020-06-12T18:53:32.174] [INFO] protractorLog4js - Maximise Window...
[2020-06-12T18:54:42.894] [INFO] protractorLog4js - Maximise Window...
[2020-06-12T18:55:39.914] [INFO] protractorLog4js - Maximise Window...
[2020-06-12T18:56:22.409] [INFO] protractorLog4js - Maximise Window...
[2020-06-12T19:04:27.093] [INFO] protractorLog4js - Maximise Window...
[2020-06-12T19:04:43.356] [INFO] protractorLog4js - Entering Username...
[2020-06-12T19:04:43.361] [INFO] protractorLog4js - Entering password...
[2020-06-12T19:05:35.328] [INFO] protractorLog4js - Maximise Window...
[2020-06-12T19:05:48.649] [INFO] protractorLog4js - Entering Username...
[2020-06-12T19:05:48.651] [INFO] protractorLog4js - Entering password...
[2020-06-12T19:06:38.191] [INFO] protractorLog4js - Maximise Window...
[2020-06-12T19:06:52.671] [INFO] protractorLog4js - Entering Username...
[2020-06-12T19:06:52.675] [INFO] protractorLog4js - Entering password...
[2020-06-12T19:07:52.714] [INFO] protractorLog4js - Maximise Window...
[2020-06-12T19:08:02.843] [INFO] protractorLog4js - Entering Username...
[2020-06-12T19:08:02.848] [INFO] protractorLog4js - Entering password...
[2020-06-12T19:08:51.095] [INFO] protractorLog4js - Maximise Window...
[2020-06-12T19:09:05.212] [INFO] protractorLog4js - Entering Username...
[2020-06-12T19:09:05.214] [INFO] protractorLog4js - Entering password...
[2020-06-12T19:10:15.688] [INFO] protractorLog4js - Maximise Window...
[2020-06-12T19:10:35.277] [INFO] protractorLog4js - Entering Username...
[2020-06-12T19:10:35.280] [INFO] protractorLog4js - Entering password...
[2020-06-12T19:13:25.187] [INFO] protractorLog4js - Maximise Window...
[2020-06-12T19:13:36.092] [INFO] protractorLog4js - Entering Username...
[2020-06-12T19:13:36.097] [INFO] protractorLog4js - Entering password...
[2020-06-12T19:15:38.448] [INFO] protractorLog4js - Maximise Window...
[2020-06-12T19:15:52.255] [INFO] protractorLog4js - Entering Username...
[2020-06-12T19:15:52.261] [INFO] protractorLog4js - Entering password...
[2020-06-12T19:16:28.335] [INFO] protractorLog4js - undefined
[2020-06-12T19:18:03.391] [INFO] protractorLog4js - Maximise Window...
[2020-06-12T19:18:18.138] [INFO] protractorLog4js - Entering Username...
[2020-06-12T19:18:18.151] [INFO] protractorLog4js - Entering password...
[2020-06-12T19:18:52.851] [INFO] protractorLog4js - undefined
